<?xml version="1.0" encoding="UTF-8"?>
<!-- Generated by org.testng.reporters.JUnitReportReporter -->
<testsuite hostname="DESKTOP-MV5PQC7" failures="0" tests="2" name="com.testcases.LogInPageTest" time="1.054" errors="0" timestamp="2020-10-16T20:23:31 IST" skipped="0">
  <testcase classname="com.testcases.LogInPageTest" name="loginPageTitleTest" time="0.040"/>
  <testcase classname="com.testcases.LogInPageTest" name="loginTest" time="1.014"/>
</testsuite> <!-- com.testcases.LogInPageTest -->
