<?xml version="1.0" encoding="UTF-8"?>
<!-- Generated by org.testng.reporters.JUnitReportReporter -->
<testsuite hostname="DESKTOP-MV5PQC7" failures="0" tests="8" name="com.testcases.CheckOutTest" time="4.653" errors="0" timestamp="2020-10-16T20:23:31 IST" skipped="0">
  <testcase classname="com.testcases.CheckOutTest" name="selectBillingAddress" time="0.192"/>
  <testcase classname="com.testcases.CheckOutTest" name="selectShippingAddress" time="0.626"/>
  <testcase classname="com.testcases.CheckOutTest" name="selectShippingMethod" time="0.391"/>
  <testcase classname="com.testcases.CheckOutTest" name="selectPMethod" time="0.355"/>
  <testcase classname="com.testcases.CheckOutTest" name="validatePaymentInfo" time="0.375"/>
  <testcase classname="com.testcases.CheckOutTest" name="confirmOrder" time="0.324"/>
  <testcase classname="com.testcases.CheckOutTest" name="validateOrder" time="1.654"/>
  <testcase classname="com.testcases.CheckOutTest" name="logout" time="0.736"/>
</testsuite> <!-- com.testcases.CheckOutTest -->
