<?xml version="1.0" encoding="UTF-8"?>
<!-- Generated by org.testng.reporters.JUnitReportReporter -->
<testsuite hostname="DESKTOP-MV5PQC7" failures="0" tests="5" name="com.testcases.DealsPageTest" time="6.131" errors="0" timestamp="2020-10-16T20:23:31 IST" skipped="0">
  <testcase classname="com.testcases.DealsPageTest" name="validateAccountId" time="0.032"/>
  <testcase classname="com.testcases.DealsPageTest" name="validateclearCart" time="1.320"/>
  <testcase classname="com.testcases.DealsPageTest" name="selectBooks" time="2.760"/>
  <testcase classname="com.testcases.DealsPageTest" name="clickOnAddToCart" time="0.059"/>
  <testcase classname="com.testcases.DealsPageTest" name="clickOnCheckOut" time="1.960"/>
</testsuite> <!-- com.testcases.DealsPageTest -->
