<?xml version="1.0" encoding="UTF-8"?>
<!-- Generated by org.testng.reporters.JUnitReportReporter -->
<testsuite hostname="DESKTOP-MV5PQC7" failures="0" tests="1" name="com.testcases.HomePageTest" time="16.454" errors="0" timestamp="2020-10-16T20:23:31 IST" skipped="0">
  <testcase classname="com.testcases.HomePageTest" name="clickLoginButton" time="16.454"/>
</testsuite> <!-- com.testcases.HomePageTest -->
