<?xml version="1.0" encoding="UTF-8"?>
<!-- Generated by org.testng.reporters.JUnitReportReporter -->
<testsuite hostname="DESKTOP-MV5PQC7" failures="0" tests="2" name="com.testcases.SignInPageTest" time="0.931" errors="0" timestamp="2020-10-15T22:27:41 IST" skipped="0">
  <testcase classname="com.testcases.SignInPageTest" name="loginPageTitleTest" time="0.030"/>
  <testcase classname="com.testcases.SignInPageTest" name="loginTest" time="0.901"/>
</testsuite> <!-- com.testcases.SignInPageTest -->
